Base path: D:/Program Files (x86)/Unity/Editor/Data
Pipe name: \\.\pipe\UnityShaderCompiler-1-357100
Cmd: getPlatforms
Cmd: preprocess
  insize=441 outsize=1187 ok=1
Cmd: compileSnippet
  api=4 type=0 insize=4216 outsize=2607 kw=DIRECTIONAL SHADOWS_OFF LIGHTMAP_OFF DIRLIGHTMAP_OFF ok=1
Cmd: compileSnippet
  api=4 type=1 insize=4216 outsize=1242 kw=DIRECTIONAL SHADOWS_OFF LIGHTMAP_OFF DIRLIGHTMAP_OFF ok=1
Cmd: compileSnippet
  api=4 type=0 insize=2255 outsize=2875 kw=POINT ok=1
Cmd: compileSnippet
  api=4 type=1 insize=2255 outsize=1542 kw=POINT ok=1
Cmd: compileSnippet
  api=4 type=0 insize=1783 outsize=1477 kw= ok=1
Cmd: compileSnippet
  api=4 type=1 insize=1783 outsize=632 kw= ok=1
Cmd: compileSnippet
  api=4 type=0 insize=3968 outsize=2883 kw=LIGHTMAP_OFF DIRLIGHTMAP_OFF HDR_LIGHT_PREPASS_OFF ok=1
Cmd: compileSnippet
  api=4 type=1 insize=3968 outsize=1152 kw=LIGHTMAP_OFF DIRLIGHTMAP_OFF HDR_LIGHT_PREPASS_OFF ok=1
Cmd: preprocess
  insize=993 outsize=380 ok=1
Cmd: compileSnippet
  error: 2 plat 4 at (31): syntax error: unexpected token 'sampler2D'
  api=4 type=0 insize=912 outsize=0 kw= ok=0
Cmd: preprocess
  insize=994 outsize=380 ok=1
Cmd: compileSnippet
  api=4 type=0 insize=913 outsize=1071 kw= ok=1
Cmd: compileSnippet
  api=4 type=1 insize=913 outsize=600 kw= ok=1
